<?xml version="1.0" encoding="UTF-8"?>
<!-- Generated by org.testng.reporters.JUnitReportReporter -->
<testsuite hostname="DESKTOP-I9CM7OT" failures="0" tests="3" name="qa.automation.UnsuccessfulLogin" time="71.725" errors="0" timestamp="2022-04-14T22:09:39 EEST" skipped="0">
  <testcase classname="qa.automation.UnsuccessfulLogin" name="UnsuccessfulLoginTest" time="22.034"/>
  <system-out/>
  <testcase classname="qa.automation.UnsuccessfulLogin" name="UnsuccessfulLoginTest" time="24.952"/>
  <system-out/>
  <testcase classname="qa.automation.UnsuccessfulLogin" name="UnsuccessfulLoginTest" time="24.739"/>
  <system-out/>
</testsuite> <!-- qa.automation.UnsuccessfulLogin -->
