<?xml version="1.0" encoding="UTF-8"?>
<!-- Generated by org.testng.reporters.JUnitReportReporter -->
<testsuite hostname="DESKTOP-I9CM7OT" failures="0" tests="3" name="qa.automation.SuccessfulLogin" time="71.670" errors="0" timestamp="2022-04-14T22:09:39 EEST" skipped="0">
  <testcase classname="qa.automation.SuccessfulLogin" name="SuccessfulLoginTest" time="21.044"/>
  <system-out/>
  <testcase classname="qa.automation.SuccessfulLogin" name="SuccessfulLoginTest" time="33.692"/>
  <system-out/>
  <testcase classname="qa.automation.SuccessfulLogin" name="SuccessfulLoginTest" time="16.934"/>
  <system-out/>
</testsuite> <!-- qa.automation.SuccessfulLogin -->
