<?xml version="1.0" encoding="UTF-8"?>
<!-- Generated by org.testng.reporters.JUnitReportReporter -->
<testsuite hostname="DESKTOP-I9CM7OT" failures="0" tests="1" name="qa.automation.CheckOut" time="22.658" errors="0" timestamp="2022-04-14T22:09:39 EEST" skipped="0">
  <testcase classname="qa.automation.CheckOut" name="successfulLoginTest" time="22.658"/>
  <system-out/>
</testsuite> <!-- qa.automation.CheckOut -->
